<?xml version="1.0" encoding="UTF-8"?>
<testsuite xmlns:xsi="http://www.w3.org/2001/XMLSchema-instance" xsi:noNamespaceSchemaLocation="https://maven.apache.org/surefire/maven-surefire-plugin/xsd/surefire-test-report.xsd" name="edu.escuelaing.arem.clima.mainTest" time="2.239" tests="5" errors="0" skipped="0" failures="0">
  <properties>
    <property name="sun.desktop" value="windows"/>
    <property name="awt.toolkit" value="sun.awt.windows.WToolkit"/>
    <property name="file.encoding.pkg" value="sun.io"/>
    <property name="java.specification.version" value="1.8"/>
    <property name="sun.cpu.isalist" value=""/>
    <property name="sun.jnu.encoding" value="Cp1252"/>
    <property name="java.class.path" value="C:\Users\User\Desktop\AREP\Parcial\AREP-WEATHER-API\target\test-classes;C:\Users\User\Desktop\AREP\Parcial\AREP-WEATHER-API\target\classes;C:\Users\User\.m2\repository\com\sparkjava\spark-core\2.5.4\spark-core-2.5.4.jar;C:\Users\User\.m2\repository\org\slf4j\slf4j-api\1.7.13\slf4j-api-1.7.13.jar;C:\Users\User\.m2\repository\org\eclipse\jetty\jetty-server\9.3.6.v20151106\jetty-server-9.3.6.v20151106.jar;C:\Users\User\.m2\repository\javax\servlet\javax.servlet-api\3.1.0\javax.servlet-api-3.1.0.jar;C:\Users\User\.m2\repository\org\eclipse\jetty\jetty-http\9.3.6.v20151106\jetty-http-9.3.6.v20151106.jar;C:\Users\User\.m2\repository\org\eclipse\jetty\jetty-util\9.3.6.v20151106\jetty-util-9.3.6.v20151106.jar;C:\Users\User\.m2\repository\org\eclipse\jetty\jetty-io\9.3.6.v20151106\jetty-io-9.3.6.v20151106.jar;C:\Users\User\.m2\repository\org\eclipse\jetty\jetty-webapp\9.3.6.v20151106\jetty-webapp-9.3.6.v20151106.jar;C:\Users\User\.m2\repository\org\eclipse\jetty\jetty-xml\9.3.6.v20151106\jetty-xml-9.3.6.v20151106.jar;C:\Users\User\.m2\repository\org\eclipse\jetty\jetty-servlet\9.3.6.v20151106\jetty-servlet-9.3.6.v20151106.jar;C:\Users\User\.m2\repository\org\eclipse\jetty\jetty-security\9.3.6.v20151106\jetty-security-9.3.6.v20151106.jar;C:\Users\User\.m2\repository\org\eclipse\jetty\websocket\websocket-server\9.3.6.v20151106\websocket-server-9.3.6.v20151106.jar;C:\Users\User\.m2\repository\org\eclipse\jetty\websocket\websocket-common\9.3.6.v20151106\websocket-common-9.3.6.v20151106.jar;C:\Users\User\.m2\repository\org\eclipse\jetty\websocket\websocket-client\9.3.6.v20151106\websocket-client-9.3.6.v20151106.jar;C:\Users\User\.m2\repository\org\eclipse\jetty\websocket\websocket-servlet\9.3.6.v20151106\websocket-servlet-9.3.6.v20151106.jar;C:\Users\User\.m2\repository\org\eclipse\jetty\websocket\websocket-api\9.3.6.v20151106\websocket-api-9.3.6.v20151106.jar;C:\Users\User\.m2\repository\com\google\code\gson\gson\2.8.0\gson-2.8.0.jar;C:\Users\User\.m2\repository\org\junit\jupiter\junit-jupiter-api\5.6.0\junit-jupiter-api-5.6.0.jar;C:\Users\User\.m2\repository\org\apiguardian\apiguardian-api\1.1.0\apiguardian-api-1.1.0.jar;C:\Users\User\.m2\repository\org\opentest4j\opentest4j\1.2.0\opentest4j-1.2.0.jar;C:\Users\User\.m2\repository\org\junit\platform\junit-platform-commons\1.6.0\junit-platform-commons-1.6.0.jar;C:\Users\User\.m2\repository\org\junit\jupiter\junit-jupiter-params\5.6.0\junit-jupiter-params-5.6.0.jar;C:\Users\User\.m2\repository\org\junit\jupiter\junit-jupiter-engine\5.6.0\junit-jupiter-engine-5.6.0.jar;C:\Users\User\.m2\repository\org\junit\platform\junit-platform-engine\1.6.0\junit-platform-engine-1.6.0.jar;"/>
    <property name="java.vm.vendor" value="Oracle Corporation"/>
    <property name="sun.arch.data.model" value="32"/>
    <property name="user.variant" value=""/>
    <property name="java.vendor.url" value="http://java.oracle.com/"/>
    <property name="user.timezone" value="America/Bogota"/>
    <property name="java.vm.specification.version" value="1.8"/>
    <property name="os.name" value="Windows 10"/>
    <property name="user.country" value="CO"/>
    <property name="sun.java.launcher" value="SUN_STANDARD"/>
    <property name="sun.boot.library.path" value="C:\Program Files (x86)\Java\jdk1.8.0_221\jre\bin"/>
    <property name="sun.java.command" value="C:\Users\User\AppData\Local\Temp\surefire7815079755874912563\surefirebooter703977618042549842.jar C:\Users\User\AppData\Local\Temp\surefire7815079755874912563 2021-02-17T14-51-14_474-jvmRun1 surefire2012487174607871701tmp surefire_03520262589126064186tmp"/>
    <property name="surefire.test.class.path" value="C:\Users\User\Desktop\AREP\Parcial\AREP-WEATHER-API\target\test-classes;C:\Users\User\Desktop\AREP\Parcial\AREP-WEATHER-API\target\classes;C:\Users\User\.m2\repository\com\sparkjava\spark-core\2.5.4\spark-core-2.5.4.jar;C:\Users\User\.m2\repository\org\slf4j\slf4j-api\1.7.13\slf4j-api-1.7.13.jar;C:\Users\User\.m2\repository\org\eclipse\jetty\jetty-server\9.3.6.v20151106\jetty-server-9.3.6.v20151106.jar;C:\Users\User\.m2\repository\javax\servlet\javax.servlet-api\3.1.0\javax.servlet-api-3.1.0.jar;C:\Users\User\.m2\repository\org\eclipse\jetty\jetty-http\9.3.6.v20151106\jetty-http-9.3.6.v20151106.jar;C:\Users\User\.m2\repository\org\eclipse\jetty\jetty-util\9.3.6.v20151106\jetty-util-9.3.6.v20151106.jar;C:\Users\User\.m2\repository\org\eclipse\jetty\jetty-io\9.3.6.v20151106\jetty-io-9.3.6.v20151106.jar;C:\Users\User\.m2\repository\org\eclipse\jetty\jetty-webapp\9.3.6.v20151106\jetty-webapp-9.3.6.v20151106.jar;C:\Users\User\.m2\repository\org\eclipse\jetty\jetty-xml\9.3.6.v20151106\jetty-xml-9.3.6.v20151106.jar;C:\Users\User\.m2\repository\org\eclipse\jetty\jetty-servlet\9.3.6.v20151106\jetty-servlet-9.3.6.v20151106.jar;C:\Users\User\.m2\repository\org\eclipse\jetty\jetty-security\9.3.6.v20151106\jetty-security-9.3.6.v20151106.jar;C:\Users\User\.m2\repository\org\eclipse\jetty\websocket\websocket-server\9.3.6.v20151106\websocket-server-9.3.6.v20151106.jar;C:\Users\User\.m2\repository\org\eclipse\jetty\websocket\websocket-common\9.3.6.v20151106\websocket-common-9.3.6.v20151106.jar;C:\Users\User\.m2\repository\org\eclipse\jetty\websocket\websocket-client\9.3.6.v20151106\websocket-client-9.3.6.v20151106.jar;C:\Users\User\.m2\repository\org\eclipse\jetty\websocket\websocket-servlet\9.3.6.v20151106\websocket-servlet-9.3.6.v20151106.jar;C:\Users\User\.m2\repository\org\eclipse\jetty\websocket\websocket-api\9.3.6.v20151106\websocket-api-9.3.6.v20151106.jar;C:\Users\User\.m2\repository\com\google\code\gson\gson\2.8.0\gson-2.8.0.jar;C:\Users\User\.m2\repository\org\junit\jupiter\junit-jupiter-api\5.6.0\junit-jupiter-api-5.6.0.jar;C:\Users\User\.m2\repository\org\apiguardian\apiguardian-api\1.1.0\apiguardian-api-1.1.0.jar;C:\Users\User\.m2\repository\org\opentest4j\opentest4j\1.2.0\opentest4j-1.2.0.jar;C:\Users\User\.m2\repository\org\junit\platform\junit-platform-commons\1.6.0\junit-platform-commons-1.6.0.jar;C:\Users\User\.m2\repository\org\junit\jupiter\junit-jupiter-params\5.6.0\junit-jupiter-params-5.6.0.jar;C:\Users\User\.m2\repository\org\junit\jupiter\junit-jupiter-engine\5.6.0\junit-jupiter-engine-5.6.0.jar;C:\Users\User\.m2\repository\org\junit\platform\junit-platform-engine\1.6.0\junit-platform-engine-1.6.0.jar;"/>
    <property name="sun.cpu.endian" value="little"/>
    <property name="user.home" value="C:\Users\User"/>
    <property name="user.language" value="es"/>
    <property name="java.specification.vendor" value="Oracle Corporation"/>
    <property name="java.home" value="C:\Program Files (x86)\Java\jdk1.8.0_221\jre"/>
    <property name="basedir" value="C:\Users\User\Desktop\AREP\Parcial\AREP-WEATHER-API"/>
    <property name="file.separator" value="\"/>
    <property name="line.separator" value="&#10;"/>
    <property name="java.vm.specification.vendor" value="Oracle Corporation"/>
    <property name="java.specification.name" value="Java Platform API Specification"/>
    <property name="java.awt.graphicsenv" value="sun.awt.Win32GraphicsEnvironment"/>
    <property name="surefire.real.class.path" value="C:\Users\User\AppData\Local\Temp\surefire7815079755874912563\surefirebooter703977618042549842.jar"/>
    <property name="sun.boot.class.path" value="C:\Program Files (x86)\Java\jdk1.8.0_221\jre\lib\resources.jar;C:\Program Files (x86)\Java\jdk1.8.0_221\jre\lib\rt.jar;C:\Program Files (x86)\Java\jdk1.8.0_221\jre\lib\sunrsasign.jar;C:\Program Files (x86)\Java\jdk1.8.0_221\jre\lib\jsse.jar;C:\Program Files (x86)\Java\jdk1.8.0_221\jre\lib\jce.jar;C:\Program Files (x86)\Java\jdk1.8.0_221\jre\lib\charsets.jar;C:\Program Files (x86)\Java\jdk1.8.0_221\jre\lib\jfr.jar;C:\Program Files (x86)\Java\jdk1.8.0_221\jre\classes"/>
    <property name="user.script" value=""/>
    <property name="sun.management.compiler" value="HotSpot Client Compiler"/>
    <property name="java.runtime.version" value="1.8.0_221-b11"/>
    <property name="user.name" value="NicolÃ¡s"/>
    <property name="path.separator" value=";"/>
    <property name="os.version" value="10.0"/>
    <property name="java.endorsed.dirs" value="C:\Program Files (x86)\Java\jdk1.8.0_221\jre\lib\endorsed"/>
    <property name="java.runtime.name" value="Java(TM) SE Runtime Environment"/>
    <property name="file.encoding" value="Cp1252"/>
    <property name="java.vm.name" value="Java HotSpot(TM) Client VM"/>
    <property name="localRepository" value="C:\Users\User\.m2\repository"/>
    <property name="java.vendor.url.bug" value="http://bugreport.sun.com/bugreport/"/>
    <property name="java.io.tmpdir" value="C:\Users\User\AppData\Local\Temp\"/>
    <property name="java.version" value="1.8.0_221"/>
    <property name="user.dir" value="C:\Users\User\Desktop\AREP\Parcial\AREP-WEATHER-API"/>
    <property name="os.arch" value="x86"/>
    <property name="java.vm.specification.name" value="Java Virtual Machine Specification"/>
    <property name="java.awt.printerjob" value="sun.awt.windows.WPrinterJob"/>
    <property name="sun.os.patch.level" value=""/>
    <property name="java.library.path" value="C:\Program Files (x86)\Java\jdk1.8.0_221\jre\bin;C:\Windows\Sun\Java\bin;C:\Windows\system32;C:\Windows;D:\Programas\bin\;C:\Program Files (x86)\Common Files\Intel\Shared Libraries\redist\intel64\compiler;C:\Program Files\Haskell\bin;D:\Programas\8.6.5\lib\extralibs\bin;D:\Programas\8.6.5\bin;C:\Program Files (x86)\Common Files\Oracle\Java\javapath;C:\Windows\system32;C:\Windows;C:\Windows\System32\Wbem;C:\Windows\System32\WindowsPowerShell\v1.0\;C:\Windows\System32\OpenSSH\;C:\Program Files (x86)\NVIDIA Corporation\PhysX\Common;C:\Program Files\NVIDIA Corporation\NVIDIA NvDLISR;C:\Program Files\dotnet\;C:\Program Files (x86)\dotnet\;D:\Programas\8.6.5\mingw\bin;C:\Users\User\Desktop\apache-maven-3.6.3\bin;C:\Program Files\Microsoft SQL Server\Client SDK\ODBC\130\Tools\Binn\;C:\Program Files (x86)\Microsoft SQL Server\140\Tools\Binn\;C:\Program Files\Microsoft SQL Server\140\Tools\Binn\;C:\Program Files\Microsoft SQL Server\140\DTS\Binn\;C:\Windows\system32;C:\Windows;C:\Windows\System32\Wbem;C:\Windows\System32\WindowsPowerShell\v1.0\;C:\Windows\System32\OpenSSH\;%MAVEN_HOME%\bin;C:\Program Files\nodejs\;C:\Program Files\PuTTY\;D:\Programas\Git\cmd;C:\Users\User\AppData\Roaming\cabal\bin;C:\Users\User\AppData\Roaming\local\bin;C:\Users\User\AppData\Local\Microsoft\WindowsApps;D:\Programas\Microsoft VS Code\bin;C:\Program Files\heroku\bin;C:\Users\User\AppData\Roaming\npm;."/>
    <property name="java.vm.info" value="mixed mode"/>
    <property name="java.vendor" value="Oracle Corporation"/>
    <property name="java.vm.version" value="25.221-b11"/>
    <property name="java.ext.dirs" value="C:\Program Files (x86)\Java\jdk1.8.0_221\jre\lib\ext;C:\Windows\Sun\Java\lib\ext"/>
    <property name="sun.io.unicode.encoding" value="UnicodeLittle"/>
    <property name="java.class.version" value="52.0"/>
  </properties>
  <testcase name="testConsultWeatherBogotaHeroku" classname="edu.escuelaing.arem.clima.mainTest" time="1.53"/>
  <testcase name="testConsultWeatherBogota" classname="edu.escuelaing.arem.clima.mainTest" time="0.169"/>
  <testcase name="testGetPort" classname="edu.escuelaing.arem.clima.mainTest" time="0.001"/>
  <testcase name="testConsultWeatherLondon" classname="edu.escuelaing.arem.clima.mainTest" time="0.087"/>
  <testcase name="testConsultWeatherLondonHeroku" classname="edu.escuelaing.arem.clima.mainTest" time="0.443"/>
</testsuite>